-------------------------------------------------------------------------------
Test set: eql.projet2_API.DocumentTest
-------------------------------------------------------------------------------
Tests run: 1, Failures: 0, Errors: 1, Skipped: 0, Time elapsed: 0.004 s <<< FAILURE! - in eql.projet2_API.DocumentTest
eql.projet2_API.DocumentTest.initializationError  Time elapsed: 0.001 s  <<< ERROR!
java.lang.Exception: No runnable methods

